<?xml version="1.0" encoding="UTF-8"?>
<!-- Generated by org.testng.reporters.JUnitReportReporter -->
<testsuite skipped="0" hostname="OJAS-LD19" name="lis.Login" tests="2" failures="0" timestamp="29 Jun 2021 11:16:15 GMT" time="6.523" errors="0">
  <testcase name="met1" time="6.169" classname="lis.Login"/>
  <testcase name="met2" time="0.354" classname="lis.Login"/>
</testsuite> <!-- lis.Login -->
