<?xml version="1.0" encoding="UTF-8"?>
<!-- Generated by org.testng.reporters.JUnitReportReporter -->
<testsuite skipped="0" hostname="OJAS-LD19" name="Assign.Name" tests="2" failures="0" timestamp="02 Jul 2021 05:17:01 GMT" time="0.011" errors="0">
  <testcase name="n2" time="0.003" classname="Assign.Name"/>
  <testcase name="n1" time="0.008" classname="Assign.Name"/>
</testsuite> <!-- Assign.Name -->
