<?xml version="1.0" encoding="UTF-8"?>
<!-- Generated by org.testng.reporters.JUnitReportReporter -->
<testsuite skipped="0" hostname="OJAS-LD19" name="Listeners.Login" tests="1" failures="0" timestamp="22 Jun 2021 12:58:12 GMT" time="5.353" errors="0">
  <testcase name="met1" time="5.353" classname="Listeners.Login"/>
</testsuite> <!-- Listeners.Login -->
