<?xml version="1.0" encoding="UTF-8"?>
<!-- Generated by org.testng.reporters.JUnitReportReporter -->
<testsuite skipped="1" hostname="OJAS-LD19" name="Assign.Dataprovider_1_07_21$DB" tests="1" failures="0" timestamp="02 Jul 2021 07:06:14 GMT" time="0.000" errors="0">
  <testcase name="validatlogin" time="0.000" classname="Assign.Dataprovider_1_07_21$DB">
    <skipped/>
  </testcase> <!-- validatlogin -->
</testsuite> <!-- Assign.Dataprovider_1_07_21$DB -->
