<?xml version="1.0" encoding="UTF-8"?>
<!-- Generated by org.testng.reporters.JUnitReportReporter -->
<testsuite skipped="0" hostname="OJAS-LD19" name="Listeners.Listenerstest" tests="1" failures="0" timestamp="22 Jun 2021 07:26:23 GMT" time="0.020" errors="0">
  <testcase name="m1" time="0.020" classname="Listeners.Listenerstest"/>
</testsuite> <!-- Listeners.Listenerstest -->
